[    0.000000] Linux version 4.15.0-212-generic (buildd@lcy02-amd64-083) (gcc version 7.5.0 (Ubuntu 7.5.0-3ubuntu1~18.04)) #223-Ubuntu SMP Tue May 23 13:09:22 UTC 2023 (Ubuntu 4.15.0-212.223-generic 4.15.18)
[    0.000000] Command line: BOOT_IMAGE=/boot/vmlinuz-4.15.0-212-generic root=LABEL=cloudimg-rootfs ro console=tty1 console=ttyS0
[    0.000000] KERNEL supported cpus:
[    0.000000]   Intel GenuineIntel
[    0.000000]   AMD AuthenticAMD
[    0.000000]   Centaur CentaurHauls
[    0.000000] x86/fpu: x87 FPU will use FXSAVE
[    0.000000] e820: BIOS-provided physical RAM map:
[    0.000000] BIOS-e820: [mem 0x0000000000000000-0x000000000009fbff] usable
[    0.000000] BIOS-e820: [mem 0x000000000009fc00-0x000000000009ffff] reserved
[    0.000000] BIOS-e820: [mem 0x00000000000f0000-0x00000000000fffff] reserved
[    0.000000] BIOS-e820: [mem 0x0000000000100000-0x000000007ffeffff] usable
[    0.000000] BIOS-e820: [mem 0x000000007fff0000-0x000000007fffffff] ACPI data
[    0.000000] BIOS-e820: [mem 0x00000000fec00000-0x00000000fec00fff] reserved
[    0.000000] BIOS-e820: [mem 0x00000000fee00000-0x00000000fee00fff] reserved
[    0.000000] BIOS-e820: [mem 0x00000000fffc0000-0x00000000ffffffff] reserved
[    0.000000] NX (Execute Disable) protection: active
[    0.000000] SMBIOS 2.5 present.
[    0.000000] DMI: innotek GmbH VirtualBox/VirtualBox, BIOS VirtualBox 12/01/2006
[    0.000000] Hypervisor detected: KVM
[    0.000000] e820: last_pfn = 0x7fff0 max_arch_pfn = 0x400000000
[    0.000000] MTRR: Disabled
[    0.000000] x86/PAT: MTRRs disabled, skipping PAT initialization too.
[    0.000000] CPU MTRRs all blank - virtualized system.
[    0.000000] x86/PAT: Configuration [0-7]: WB  WT  UC- UC  WB  WT  UC- UC  
[    0.000000] found SMP MP-table at [mem 0x0009fff0-0x0009ffff]
[    0.000000] Scanning 1 areas for low memory corruption
[    0.000000] RAMDISK: [mem 0x359cb000-0x36cdcfff]
[    0.000000] ACPI: Early table checksum verification disabled
[    0.000000] ACPI: RSDP 0x00000000000E0000 000024 (v02 VBOX  )
[    0.000000] ACPI: XSDT 0x000000007FFF0030 00003C (v01 VBOX   VBOXXSDT 00000001 ASL  00000061)
[    0.000000] ACPI: FACP 0x000000007FFF00F0 0000F4 (v04 VBOX   VBOXFACP 00000001 ASL  00000061)
[    0.000000] ACPI: DSDT 0x000000007FFF0610 002353 (v02 VBOX   VBOXBIOS 00000002 INTL 20100528)
[    0.000000] ACPI: FACS 0x000000007FFF0200 000040
[    0.000000] ACPI: FACS 0x000000007FFF0200 000040
[    0.000000] ACPI: APIC 0x000000007FFF0240 000054 (v02 VBOX   VBOXAPIC 00000001 ASL  00000061)
[    0.000000] ACPI: SSDT 0x000000007FFF02A0 00036C (v01 VBOX   VBOXCPUT 00000002 INTL 20100528)
[    0.000000] ACPI: Reserving FACP table memory at [mem 0x7fff00f0-0x7fff01e3]
[    0.000000] ACPI: Reserving DSDT table memory at [mem 0x7fff0610-0x7fff2962]
[    0.000000] ACPI: Reserving FACS table memory at [mem 0x7fff0200-0x7fff023f]
[    0.000000] ACPI: Reserving FACS table memory at [mem 0x7fff0200-0x7fff023f]
[    0.000000] ACPI: Reserving APIC table memory at [mem 0x7fff0240-0x7fff0293]
[    0.000000] ACPI: Reserving SSDT table memory at [mem 0x7fff02a0-0x7fff060b]
[    0.000000] No NUMA configuration found
[    0.000000] Faking a node at [mem 0x0000000000000000-0x000000007ffeffff]
[    0.000000] NODE_DATA(0) allocated [mem 0x7ffc5000-0x7ffeffff]
[    0.000000] kvm-clock: cpu 0, msr 0:7ff44001, primary cpu clock
[    0.000000] kvm-clock: Using msrs 4b564d01 and 4b564d00
[    0.000000] kvm-clock: using sched offset of 3959747475 cycles
[    0.000000] clocksource: kvm-clock: mask: 0xffffffffffffffff max_cycles: 0x1cd42e4dffb, max_idle_ns: 881590591483 ns
[    0.000000] Zone ranges:
[    0.000000]   DMA      [mem 0x0000000000001000-0x0000000000ffffff]
[    0.000000]   DMA32    [mem 0x0000000001000000-0x000000007ffeffff]
[    0.000000]   Normal   empty
[    0.000000]   Device   empty
[    0.000000] Movable zone start for each node
[    0.000000] Early memory node ranges
[    0.000000]   node   0: [mem 0x0000000000001000-0x000000000009efff]
[    0.000000]   node   0: [mem 0x0000000000100000-0x000000007ffeffff]
[    0.000000] Reserved but unavailable: 104 pages
[    0.000000] Initmem setup node 0 [mem 0x0000000000001000-0x000000007ffeffff]
[    0.000000] ACPI: PM-Timer IO Port: 0x4008
[    0.000000] IOAPIC[0]: apic_id 1, version 32, address 0xfec00000, GSI 0-23
[    0.000000] ACPI: INT_SRC_OVR (bus 0 bus_irq 0 global_irq 2 dfl dfl)
[    0.000000] ACPI: INT_SRC_OVR (bus 0 bus_irq 9 global_irq 9 low level)
[    0.000000] Using ACPI (MADT) for SMP configuration information
[    0.000000] smpboot: Allowing 1 CPUs, 0 hotplug CPUs
[    0.000000] PM: Registered nosave memory: [mem 0x00000000-0x00000fff]
[    0.000000] PM: Registered nosave memory: [mem 0x0009f000-0x0009ffff]
[    0.000000] PM: Registered nosave memory: [mem 0x000a0000-0x000effff]
[    0.000000] PM: Registered nosave memory: [mem 0x000f0000-0x000fffff]
[    0.000000] e820: [mem 0x80000000-0xfebfffff] available for PCI devices
[    0.000000] Booting paravirtualized kernel on KVM
[    0.000000] clocksource: refined-jiffies: mask: 0xffffffff max_cycles: 0xffffffff, max_idle_ns: 7645519600211568 ns
[    0.000000] setup_percpu: NR_CPUS:8192 nr_cpumask_bits:1 nr_cpu_ids:1 nr_node_ids:1
[    0.000000] percpu: Embedded 50 pages/cpu s167936 r8192 d28672 u2097152
[    0.000000] PV qspinlock hash table entries: 256 (order: 0, 4096 bytes)
[    0.000000] Built 1 zonelists, mobility grouping on.  Total pages: 515961
[    0.000000] Policy zone: DMA32
[    0.000000] Kernel command line: BOOT_IMAGE=/boot/vmlinuz-4.15.0-212-generic root=LABEL=cloudimg-rootfs ro console=tty1 console=ttyS0
[    0.000000] Memory: 2015036K/2096696K available (12300K kernel code, 2477K rwdata, 4324K rodata, 2480K init, 2720K bss, 81660K reserved, 0K cma-reserved)
[    0.000000] SLUB: HWalign=64, Order=0-3, MinObjects=0, CPUs=1, Nodes=1
[    0.000000] Kernel/User page tables isolation: enabled
[    0.000000] ftrace: allocating 39508 entries in 155 pages
[    0.004000] Hierarchical RCU implementation.
[    0.004000] 	RCU restricting CPUs from NR_CPUS=8192 to nr_cpu_ids=1.
[    0.004000] 	Tasks RCU enabled.
[    0.004000] RCU: Adjusting geometry for rcu_fanout_leaf=16, nr_cpu_ids=1
[    0.004000] NR_IRQS: 524544, nr_irqs: 256, preallocated irqs: 16
[    0.004000] random: crng init done
[    0.004000] Console: colour VGA+ 80x25
[    0.004000] console [tty1] enabled
[    0.004000] console [ttyS0] enabled
[    0.004000] ACPI: Core revision 20170831
[    0.004000] ACPI: 2 ACPI AML tables successfully acquired and loaded
[    0.004000] APIC: Switch to symmetric I/O mode setup
[    0.008000] ..TIMER: vector=0x30 apic1=0 pin1=2 apic2=-1 pin2=-1
[    0.008010] tsc: Detected 2693.760 MHz processor
[    0.012017] Calibrating delay loop (skipped) preset value.. 5387.52 BogoMIPS (lpj=10775040)
[    0.016008] pid_max: default: 32768 minimum: 301
[    0.020063] Security Framework initialized
[    0.024008] Yama: becoming mindful.
[    0.028033] AppArmor: AppArmor initialized
[    0.040288] Dentry cache hash table entries: 262144 (order: 9, 2097152 bytes)
[    0.048000] Inode-cache hash table entries: 131072 (order: 8, 1048576 bytes)
[    0.048197] Mount-cache hash table entries: 4096 (order: 3, 32768 bytes)
[    0.052144] Mountpoint-cache hash table entries: 4096 (order: 3, 32768 bytes)
[    0.060944] Last level iTLB entries: 4KB 1024, 2MB 1024, 4MB 1024
[    0.064007] Last level dTLB entries: 4KB 1024, 2MB 1024, 4MB 1024, 1GB 4
[    0.068010] Spectre V1 : Mitigation: usercopy/swapgs barriers and __user pointer sanitization
[    0.072017] Spectre V2 : Mitigation: Retpolines
[    0.076005] Spectre V2 : Spectre v2 / SpectreRSB mitigation: Filling RSB on context switch
[    0.080006] Spectre V2 : Spectre v2 / SpectreRSB : Filling RSB on VMEXIT
[    0.084007] Speculative Store Bypass: Vulnerable
[    0.088054] MDS: Mitigation: Clear CPU buffers
[    0.092006] MMIO Stale Data: Unknown: No mitigations
[    0.096008] SRBDS: Unknown: Dependent on hypervisor status
[    0.108000] Freeing SMP alternatives memory: 36K
[    0.220483] smpboot: CPU0: Intel(R) Core(TM) i7-4800MQ CPU @ 2.70GHz (family: 0x6, model: 0x3c, stepping: 0x3)
[    0.224467] Performance Events: unsupported p6 CPU model 60 no PMU driver, software events only.
[    0.228138] Hierarchical SRCU implementation.
[    0.232912] NMI watchdog: Perf event create on CPU 0 failed with -2
[    0.236006] NMI watchdog: Perf NMI watchdog permanently disabled
[    0.240475] smp: Bringing up secondary CPUs ...
[    0.244010] smp: Brought up 1 node, 1 CPU
[    0.248090] smpboot: Max logical packages: 1
[    0.252008] smpboot: Total of 1 processors activated (5387.52 BogoMIPS)
[    0.256432] devtmpfs: initialized
[    0.260118] x86/mm: Memory block size: 128MB
[    0.264679] evm: security.selinux
[    0.268009] evm: security.SMACK64
[    0.272005] evm: security.SMACK64EXEC
[    0.276010] evm: security.SMACK64TRANSMUTE
[    0.280009] evm: security.SMACK64MMAP
[    0.284008] evm: security.apparmor
[    0.292009] evm: security.ima
[    0.296008] evm: security.capability
[    0.300384] clocksource: jiffies: mask: 0xffffffff max_cycles: 0xffffffff, max_idle_ns: 7645041785100000 ns
[    0.304024] futex hash table entries: 256 (order: 2, 16384 bytes)
[    0.308213] pinctrl core: initialized pinctrl subsystem
[    0.316006] RTC time:  4:55:57, date: 12/01/23
[    0.320480] NET: Registered protocol family 16
[    0.324220] audit: initializing netlink subsys (disabled)
[    0.328731] cpuidle: using governor ladder
[    0.332011] audit: type=2000 audit(1701406561.885:1): state=initialized audit_enabled=0 res=1
[    0.336015] cpuidle: using governor menu
[    0.340096] ACPI: bus type PCI registered
[    0.344006] acpiphp: ACPI Hot Plug PCI Controller Driver version: 0.5
[    0.348602] PCI: Using configuration type 1 for base access
[    0.354091] HugeTLB registered 2.00 MiB page size, pre-allocated 0 pages
[    0.356959] ACPI: Added _OSI(Module Device)
[    0.360010] ACPI: Added _OSI(Processor Device)
[    0.364007] ACPI: Added _OSI(3.0 _SCP Extensions)
[    0.368009] ACPI: Added _OSI(Processor Aggregator Device)
[    0.372022] ACPI: Added _OSI(Linux-Dell-Video)
[    0.376033] ACPI: Added _OSI(Linux-Lenovo-NV-HDMI-Audio)
[    0.380011] ACPI: Added _OSI(Linux-HPI-Hybrid-Graphics)
[    0.385048] ACPI: Executed 1 blocks of module-level executable AML code
[    0.393933] ACPI: Interpreter enabled
[    0.396038] ACPI: (supports S0 S5)
[    0.400007] ACPI: Using IOAPIC for interrupt routing
[    0.404519] PCI: Using host bridge windows from ACPI; if necessary, use "pci=nocrs" and report a bug
[    0.408323] ACPI: Enabled 2 GPEs in block 00 to 07
[    0.428787] ACPI: PCI Root Bridge [PCI0] (domain 0000 [bus 00-ff])
[    0.432020] acpi PNP0A03:00: _OSC: OS supports [ASPM ClockPM Segments MSI]
[    0.437098] acpi PNP0A03:00: _OSC: not requesting OS control; OS requires [ExtendedConfig ASPM ClockPM MSI]
[    0.440059] acpi PNP0A03:00: fail to add MMCONFIG information, can't access extended PCI configuration space under this bridge.
[    0.445000] PCI host bridge to bus 0000:00
[    0.448014] pci_bus 0000:00: root bus resource [io  0x0000-0x0cf7 window]
[    0.452011] pci_bus 0000:00: root bus resource [io  0x0d00-0xffff window]
[    0.456022] pci_bus 0000:00: root bus resource [mem 0x000a0000-0x000bffff window]
[    0.460009] pci_bus 0000:00: root bus resource [mem 0x80000000-0xfdffffff window]
[    0.464010] pci_bus 0000:00: root bus resource [bus 00-ff]
[    0.479179] pci 0000:00:01.1: legacy IDE quirk: reg 0x10: [io  0x01f0-0x01f7]
[    0.480008] pci 0000:00:01.1: legacy IDE quirk: reg 0x14: [io  0x03f6]
[    0.484006] pci 0000:00:01.1: legacy IDE quirk: reg 0x18: [io  0x0170-0x0177]
[    0.488007] pci 0000:00:01.1: legacy IDE quirk: reg 0x1c: [io  0x0376]
[    0.518113] pci 0000:00:07.0: quirk: [io  0x4000-0x403f] claimed by PIIX4 ACPI
[    0.520054] pci 0000:00:07.0: quirk: [io  0x4100-0x410f] claimed by PIIX4 SMB
[    0.538774] ACPI: PCI Interrupt Link [LNKA] (IRQs 5 9 10 *11)
[    0.540681] ACPI: PCI Interrupt Link [LNKB] (IRQs 5 9 *10 11)
[    0.544270] ACPI: PCI Interrupt Link [LNKC] (IRQs 5 *9 10 11)
[    0.548249] ACPI: PCI Interrupt Link [LNKD] (IRQs 5 9 10 *11)
[    0.552817] SCSI subsystem initialized
[    0.556287] pci 0000:00:02.0: vgaarb: setting as boot VGA device
[    0.560000] pci 0000:00:02.0: vgaarb: VGA device added: decodes=io+mem,owns=io+mem,locks=none
[    0.560009] pci 0000:00:02.0: vgaarb: bridge control possible
[    0.564005] vgaarb: loaded
[    0.568072] ACPI: bus type USB registered
[    0.572073] usbcore: registered new interface driver usbfs
[    0.576020] usbcore: registered new interface driver hub
[    0.580018] usbcore: registered new device driver usb
[    0.584247] EDAC MC: Ver: 3.0.0
[    0.589146] PCI: Using ACPI for IRQ routing
[    0.593040] NetLabel: Initializing
[    0.596004] NetLabel:  domain hash size = 128
[    0.600003] NetLabel:  protocols = UNLABELED CIPSOv4 CALIPSO
[    0.604252] NetLabel:  unlabeled traffic allowed by default
[    0.608326] clocksource: Switched to clocksource kvm-clock
[    0.664621] VFS: Disk quotas dquot_6.6.0
[    0.673426] VFS: Dquot-cache hash table entries: 512 (order 0, 4096 bytes)
[    0.680609] AppArmor: AppArmor Filesystem Enabled
[    0.685932] pnp: PnP ACPI init
[    0.691597] pnp: PnP ACPI: found 3 devices
[    0.704406] clocksource: acpi_pm: mask: 0xffffff max_cycles: 0xffffff, max_idle_ns: 2085701024 ns
[    0.713687] NET: Registered protocol family 2
[    0.719947] IP idents hash table entries: 32768 (order: 6, 262144 bytes)
[    0.728491] TCP established hash table entries: 16384 (order: 5, 131072 bytes)
[    0.736864] TCP bind hash table entries: 16384 (order: 6, 262144 bytes)
[    0.745102] TCP: Hash tables configured (established 16384 bind 16384)
[    0.752562] UDP hash table entries: 1024 (order: 3, 32768 bytes)
[    0.759177] UDP-Lite hash table entries: 1024 (order: 3, 32768 bytes)
[    0.768574] NET: Registered protocol family 1
[    0.774111] pci 0000:00:00.0: Limiting direct PCI/PCI transfers
[    0.780511] pci 0000:00:01.0: Activating ISA DMA hang workarounds
[    0.787105] pci 0000:00:02.0: Video device with shadowed ROM at [mem 0x000c0000-0x000dffff]
[    0.796375] Unpacking initramfs...
[    1.320097] Freeing initrd memory: 19528K
[    1.328648] clocksource: tsc: mask: 0xffffffffffffffff max_cycles: 0x26d437ab68b, max_idle_ns: 440795285230 ns
[    1.338957] platform rtc_cmos: registered platform RTC device (no PNP device found)
[    1.349209] Scanning for low memory corruption every 60 seconds
[    1.356674] Initialise system trusted keyrings
[    1.361632] Key type blacklist registered
[    1.366237] workingset: timestamp_bits=36 max_order=19 bucket_order=0
[    1.375908] zbud: loaded
[    1.380073] squashfs: version 4.0 (2009/01/31) Phillip Lougher
[    1.386956] fuse init (API version 7.26)
[    1.394591] Key type asymmetric registered
[    1.399078] Asymmetric key parser 'x509' registered
[    1.404463] Block layer SCSI generic (bsg) driver version 0.4 loaded (major 246)
[    1.412516] io scheduler noop registered
[    1.416736] io scheduler deadline registered
[    1.421146] io scheduler cfq registered (default)
[    1.427220] ACPI: AC Adapter [AC] (on-line)
[    1.432058] input: Power Button as /devices/LNXSYSTM:00/LNXPWRBN:00/input/input0
[    1.439736] ACPI: Power Button [PWRF]
[    1.444353] input: Sleep Button as /devices/LNXSYSTM:00/LNXSLPBN:00/input/input1
[    1.451965] ACPI: Sleep Button [SLPF]
[    1.457892] ACPI: Battery Slot [BAT0] (battery present)
[    1.463674] Serial: 8250/16550 driver, 32 ports, IRQ sharing enabled
[    1.504591] 00:02: ttyS0 at I/O 0x3f8 (irq = 4, base_baud = 115200) is a 16550A
[    1.515223] Linux agpgart interface v0.103
[    1.524122] loop: module loaded
[    1.531945] scsi host0: ata_piix
[    1.535648] scsi host1: ata_piix
[    1.539212] ata1: PATA max UDMA/33 cmd 0x1f0 ctl 0x3f6 bmdma 0xd000 irq 14
[    1.546128] ata2: PATA max UDMA/33 cmd 0x170 ctl 0x376 bmdma 0xd008 irq 15
[    1.554496] tun: Universal TUN/TAP device driver, 1.6
[    1.561472] PPP generic driver version 2.4.2
[    1.566354] ehci_hcd: USB 2.0 'Enhanced' Host Controller (EHCI) Driver
[    1.573093] ehci-pci: EHCI PCI platform driver
[    1.577581] ehci-platform: EHCI generic platform driver
[    1.582946] ohci_hcd: USB 1.1 'Open' Host Controller (OHCI) Driver
[    1.589058] ohci-pci: OHCI PCI platform driver
[    1.593551] ohci-platform: OHCI generic platform driver
[    1.598693] uhci_hcd: USB Universal Host Controller Interface driver
[    1.605652] i8042: PNP: PS/2 Controller [PNP0303:PS2K,PNP0f03:PS2M] at 0x60,0x64 irq 1,12
[    1.617464] serio: i8042 KBD port at 0x60,0x64 irq 1
[    1.623089] serio: i8042 AUX port at 0x60,0x64 irq 12
[    1.628438] mousedev: PS/2 mouse device common for all mice
[    1.635957] input: AT Translated Set 2 keyboard as /devices/platform/i8042/serio0/input/input2
[    1.646178] rtc_cmos rtc_cmos: rtc core: registered rtc_cmos as rtc0
[    1.654134] rtc_cmos rtc_cmos: alarms up to one day, 114 bytes nvram
[    1.660479] i2c /dev entries driver
[    1.664081] device-mapper: uevent: version 1.0.3
[    1.668850] device-mapper: ioctl: 4.37.0-ioctl (2017-09-20) initialised: dm-devel@redhat.com
[    1.677350] ledtrig-cpu: registered to indicate activity on CPUs
[    1.683613] NET: Registered protocol family 10
[    1.693510] Segment Routing with IPv6
[    1.697296] NET: Registered protocol family 17
[    1.701773] Key type dns_resolver registered
[    1.706432] mce: Using 0 MCE banks
[    1.710235] RAS: Correctable Errors collector initialized.
[    1.778576] sched_clock: Marking stable (1778481028, 0)->(2814228890, -1035747862)
[    1.786623] registered taskstats version 1
[    1.791145] Loading compiled-in X.509 certificates
[    1.799474] Loaded X.509 cert 'Build time autogenerated kernel key: b5b26778eaa3ab3a4a6cee031137706e947d12ad'
[    1.810144] Loaded X.509 cert 'Canonical Ltd. Live Patch Signing: 14df34d1a87cf37625abec039ef2bf521249b969'
[    1.820372] Loaded X.509 cert 'Canonical Ltd. Kernel Module Signing: 88f752e560a1e0737e31163a466ad7b70a850c19'
[    1.830458] blacklist: Loading compiled-in revocation X.509 certificates
[    1.837252] Loaded X.509 cert 'Canonical Ltd. Secure Boot Signing: 61482aa2830d0ab2ad5af10b7250da9033ddcef0'
[    1.847309] Loaded X.509 cert 'Canonical Ltd. Secure Boot Signing (2017): 242ade75ac4a15e50d50c84b0d45ff3eae707a03'
[    1.857735] Loaded X.509 cert 'Canonical Ltd. Secure Boot Signing (ESM 2018): 365188c1d374d6b07c3c8f240f8ef722433d6a8b'
[    1.868609] Loaded X.509 cert 'Canonical Ltd. Secure Boot Signing (2019): c0746fd6c5da3ae827864651ad66ae47fe24b3e8'
[    1.879046] Loaded X.509 cert 'Canonical Ltd. Secure Boot Signing (2021 v1): a8d54bbb3825cfb94fa13c9f8a594a195c107b8d'
[    1.889841] Loaded X.509 cert 'Canonical Ltd. Secure Boot Signing (2021 v2): 4cf046892d6fd3c9a5b03f98d845f90851dc6a8c'
[    1.900265] Loaded X.509 cert 'Canonical Ltd. Secure Boot Signing (2021 v3): 100437bb6de6e469b581e61cd66bce3ef4ed53af'
[    1.910935] Loaded X.509 cert 'Canonical Ltd. Secure Boot Signing (Ubuntu Core 2019): c1d57b8f6b743f23ee41f4f7ee292f06eecadfb9'
[    1.922276] zswap: loaded using pool lzo/zbud
[    1.932173] Key type big_key registered
[    1.936551] Key type trusted registered
[    1.942931] Key type encrypted registered
[    1.947619] AppArmor: AppArmor sha1 policy hashing enabled
[    1.953118] ima: No TPM chip found, activating TPM-bypass! (rc=-19)
[    1.959779] ima: Allocated hash algorithm: sha1
[    1.964710] evm: HMAC attrs: 0x1
[    1.969119]   Magic number: 3:424:918
[    1.973528] rtc_cmos rtc_cmos: setting system clock to 2023-12-01 04:55:58 UTC (1701406558)
[    1.981951] BIOS EDD facility v0.16 2004-Jun-25, 0 devices found
[    1.988159] EDD information not available.
[    1.995399] Freeing unused kernel image memory: 2480K
[    2.008324] Write protecting the kernel read-only data: 20480k
[    2.015582] Freeing unused kernel image memory: 2008K
[    2.021302] Freeing unused kernel image memory: 1820K
[    2.031950] x86/mm: Checked W+X mappings: passed, no W+X pages found.
[    2.039156] x86/mm: Checking user space page tables
[    2.049444] x86/mm: Checked W+X mappings: passed, no W+X pages found.
Loading, please wait...
starting version 237
[    2.194173] e1000: Intel(R) PRO/1000 Network Driver - version 7.3.21-k8-NAPI
[    2.201066] e1000: Copyright (c) 1999-2006 Intel Corporation.
[    2.211856] Fusion MPT base driver 3.04.20
[    2.216242] Copyright (c) 1999-2008 LSI Corporation
[    2.250279] SSE version of gcm_enc/dec engaged.
[    2.299503] Fusion MPT SPI Host driver 3.04.20
[    2.494527] input: ImExPS/2 Generic Explorer Mouse as /devices/platform/i8042/serio1/input/input4
[    3.057713] e1000 0000:00:03.0 eth0: (PCI:33MHz:32-bit) 02:3b:7b:b7:3b:2d
[    3.064792] e1000 0000:00:03.0 eth0: Intel(R) PRO/1000 Network Connection
[    3.073300] mptbase: ioc0: Initiating bringup
[    3.190671] ioc0: LSI53C1030 A0: Capabilities={Initiator}
[    3.450708] scsi host2: ioc0: LSI53C1030 A0, FwRev=00000000h, Ports=1, MaxQ=256, IRQ=20
[    3.626126] scsi 2:0:0:0: Direct-Access     VBOX     HARDDISK         1.0  PQ: 0 ANSI: 5
[    3.638029] scsi target2:0:0: Beginning Domain Validation
[    3.651046] scsi target2:0:0: Domain Validation skipping write tests
[    3.658151] scsi target2:0:0: Ending Domain Validation
[    3.663968] scsi target2:0:0: asynchronous
[    3.669908] scsi 2:0:1:0: Direct-Access     VBOX     HARDDISK         1.0  PQ: 0 ANSI: 5
[    3.686832] scsi target2:0:1: Beginning Domain Validation
[    3.784301] scsi target2:0:1: Domain Validation skipping write tests
[    3.791777] scsi target2:0:1: Ending Domain Validation
[    3.814424] scsi target2:0:1: asynchronous
[    3.908413] sd 2:0:0:0: [sda] 83886080 512-byte logical blocks: (42.9 GB/40.0 GiB)
[    3.916358] sd 2:0:0:0: Attached scsi generic sg0 type 0
[    3.922386] sd 2:0:0:0: [sda] Write Protect is off
[    3.928623] sd 2:0:1:0: [sdb] 20480 512-byte logical blocks: (10.5 MB/10.0 MiB)
[    3.936471] sd 2:0:1:0: Attached scsi generic sg1 type 0
[    3.951480] sd 2:0:1:0: [sdb] Write Protect is off
[    3.957033] sd 2:0:0:0: [sda] Incomplete mode parameter data
[    3.963410] sd 2:0:0:0: [sda] Assuming drive cache: write through
[    3.979054] sd 2:0:1:0: [sdb] Incomplete mode parameter data
[    3.985256] sd 2:0:1:0: [sdb] Assuming drive cache: write through
[    3.995092]  sda: sda1
[    4.009180] sd 2:0:0:0: [sda] Attached SCSI disk
[    4.071441] sd 2:0:1:0: [sdb] Attached SCSI disk
[    4.515255] e1000 0000:00:08.0 eth1: (PCI:33MHz:32-bit) 08:00:27:85:da:a4
[    4.522585] e1000 0000:00:08.0 eth1: Intel(R) PRO/1000 Network Connection
[    4.531327] e1000 0000:00:08.0 enp0s8: renamed from eth1
[    4.549048] e1000 0000:00:03.0 enp0s3: renamed from eth0
Begin: Loading essential drivers ... [    6.776071] raid6: sse2x1   gen() 12322 MB/s
[    6.828267] raid6: sse2x1   xor()  7167 MB/s
[    6.880236] raid6: sse2x2   gen() 11964 MB/s
[    6.932156] raid6: sse2x2   xor()  7833 MB/s
[    6.996053] raid6: sse2x4   gen() 17711 MB/s
[    7.060175] raid6: sse2x4   xor()  9115 MB/s
[    7.064822] raid6: using algorithm sse2x4 gen() 17711 MB/s
[    7.070679] raid6: .... xor() 9115 MB/s, rmw enabled
[    7.076044] raid6: using ssse3x2 recovery algorithm
[    7.082699] xor: measuring software checksum speed
[    7.196827]    prefetch64-sse: 55615.000 MB/sec
[    7.304055]    generic_sse: 50518.000 MB/sec
[    7.308417] xor: using function: prefetch64-sse (55615.000 MB/sec)
[    7.316218] async_tx: api initialized (async)
done.
Begin: Running /scripts/init-premount ... done.
Begin: Mounting root file system ... Begin: Running /scripts/local-top ... done.
Begin: Running /scripts/local-premount ... [    7.397730] Btrfs loaded, crc32c=crc32c-intel
Scanning for Btrfs filesystems
done.
Warning: fsck not present, so skipping root file system
[    7.470345] EXT4-fs (sda1): mounted filesystem with ordered data mode. Opts: (null)
done.
Begin: Running /scripts/local-bottom ... done.
Begin: Running /scripts/init-bottom ... done.
[    7.760157] ip_tables: (C) 2000-2006 Netfilter Core Team
[    7.786050] systemd[1]: systemd 237 running in system mode. (+PAM +AUDIT +SELINUX +IMA +APPARMOR +SMACK +SYSVINIT +UTMP +LIBCRYPTSETUP +GCRYPT +GNUTLS +ACL +XZ +LZ4 +SECCOMP +BLKID +ELFUTILS +KMOD -IDN2 +IDN -PCRE2 default-hierarchy=hybrid)
[    7.807222] systemd[1]: Detected virtualization oracle.
[    7.813317] systemd[1]: Detected architecture x86-64.

Welcome to [1mUbuntu 18.04.6 LTS[0m!

[    7.825201] systemd[1]: Set hostname to <ubuntu>.
[    7.837937] systemd[1]: Initializing machine ID from random generator.
[    7.844853] systemd[1]: Installed transient /etc/machine-id file.
[    8.286261] systemd[1]: Reached target Mounting snaps.
[[0;32m  OK  [0m] Reached target Mounting snaps.
[    8.297043] systemd[1]: Set up automount Arbitrary Executable File Formats File System Automount Point.
[[0;32m  OK  [0m] Set up automount Arbitrary Executab…rmats File System Automount Point.
[    8.313835] systemd[1]: Started Forward Password Requests to Wall Directory Watch.
[[0;32m  OK  [0m] Started Forward Password Requests to Wall Directory Watch.
[    8.327046] systemd[1]: Reached target Mounted snaps.
[[0;32m  OK  [0m] Reached target Mounted snaps.
[[0;32m  OK  [0m] Created slice System Slice.
[[0;32m  OK  [0m] Listening on LVM2 poll daemon socket.
[[0;32m  OK  [0m] Created slice system-serial\x2dgetty.slice.
[[0;32m  OK  [0m] Listening on fsck to fsckd communication Socket.
[[0;32m  OK  [0m] Listening on Device-mapper event daemon FIFOs.
[[0;32m  OK  [0m] Listening on Journal Socket (/dev/log).
[[0;32m  OK  [0m] Listening on Journal Socket.
         Starting Create list of required st…ce nodes for the current kernel...
         Mounting POSIX Message Queue File System...
         Starting File System Check on Root Device...
[[0;32m  OK  [0m] Listening on Journal Audit Socket.
         Starting Set the console keyboard layout...
[[0;32m  OK  [0m] Listening on udev Control Socket.
[[0;32m  OK  [0m] Reached target System Time Synchronized.
[[0;32m  OK  [0m] Listening on /dev/initctl Compatibility Named Pipe.
         Starting Load Kernel Modules...
[[0;32m  OK  [0m] Reached target Swap.
[[0;32m  OK  [0m] Listening on LVM2 metadata daemon socket.
         Starting Monitoring of LVM2 mirrors…ng dmeventd or progress polling...
[[0;32m  OK  [0m[    8.486471] Loading iSCSI transport class v2.0-870.
] Created slice User and Session Slice.
[[0;32m  OK  [0m] Reached target Slices.
[[0;32m  OK  [0m] Reached target User and Group Name Lookups.
[[0;32m  OK  [0m] Listening on Syslog Socket.
         Starting Journal Service...
[[0;32m  OK  [0m] Listening on Network Service Netlink Socket.
         Mounting Huge Pages File System...
[[0;32m  OK  [0m] Listening on udev Kernel Socket.
         Starting udev Coldplug all Devices...
[    8.576428] iscsi: registered transport (tcp)
         Starting Uncomplicated firewall...
         Mounting Kernel Debug File System...
[[0;32m  OK  [0m] Started Create list of required sta…vice nodes for the current kernel.
[[0;32m  OK  [0m] Mounted POSIX Message Queue File System.
[[0;32m  OK  [0m] Started File System Check on Root Device.
[[0;32m  OK  [0m] Mounted Huge Pages File System.
[[0;32m  OK  [0m] Mounted Kernel Debug File System.
[[0;32m  OK  [0m] Started LVM2 metadata daemon.
[[0;32m  OK  [0m] Started File System Check Daemon to report status.
         Starting Remount Root and Kernel File Systems...
         Starting Create Static Device Nodes in /dev...
[[0;32m  OK  [0m] Started Uncomplicated firewall.
[[0;32m  OK  [0m] Started Journal Service.
[[0;32m  OK  [0m] Started Monitoring of LVM2 mirrors,…sing dmeventd or progress polling.
[    8.773242] iscsi: registered transport (iser)
[[0;32m  OK  [0m] Started Load Kernel Modules.
         Mounting FUSE Control File System...
         Starting Apply Kernel Variables...[    8.814015] EXT4-fs (sda1): re-mounted. Opts: (null)

         Mounting Kernel Configuration File System...
[[0;32m  OK  [0m] Mounted FUSE Control File System.
[[0;32m  OK  [0m] Started Remount Root and Kernel File Systems.
[[0;32m  OK  [0m] Mounted Kernel Configuration File System.
[[0;32m  OK  [0m] Started Create Static Device Nodes in /dev.
         Starting udev Kernel Device Manager...
         Starting Flush Journal to Persistent Storage...
         Starting Load/Save Random Seed...
[[0;32m  OK  [0m] Started udev Coldplug all Devices.
[[0;32m  OK  [0m] Started Apply Kernel Variables.
[[0;32m  OK  [0m] Started Load/Save Random Seed.
[[0;32m  OK  [0m] Started udev Kernel Device Manager.
[[0;32m  OK  [0m] Started Flush Journal to Persistent Storage.
[[0;32m  OK  [0m] Found device /dev/ttyS0.
[[0;32m  OK  [0m] Listening on Load/Save RF Kill Switch Status /dev/rfkill Watch.
[[0;32m  OK  [0m] Started Set the console keyboard layout.
         Mounting Arbitrary Executable File Formats File System...
[[0;32m  OK  [0m] Started Dispatch Password Requests to Console Directory Watch.
[[0;32m  OK  [0m] Reached target Local Encrypted Volumes.
[[0;32m  OK  [0m] Reached target Local File Systems (Pre).
[[0;32m  OK  [0m] Reached target Local File Systems.
         Starting Create Volatile Files and Directories...
         Starting Commit a transient machine-id on disk...
         Starting ebtables ruleset management...
         Starting AppArmor initialization...
         Starting Tell Plymouth To Write Out Runtime Data...
         Starting Set console font and keymap...
[[0;32m  OK  [0m] Mounted Arbitrary Executable File Formats File System.
[[0;32m  OK  [0m] Started Commit a transient machine-id on disk.
[[0;32m  OK  [0m] Started Create Volatile Files and Directories.
         Starting Update UTMP about System Boot/Shutdown...
[[0;32m  OK  [0m] Started Tell Plymouth To Write Out Runtime Data.
[[0;32m  OK  [0m] Started Update UTMP about System Boot/Shutdown.
[[0;32m  OK  [0m] Started ebtables ruleset management.
[[0;32m  OK  [0m] Started AppArmor initialization.
         Starting Initial cloud-init job (pre-networking)...
         Starting Load AppArmor profiles managed internally by snapd...
[[0;32m  OK  [0m] Started Load AppArmor profiles managed internally by snapd.
[[0;32m  OK  [0m] Started Set console font and keymap.
[   15.233350] cloud-init[776]: Cloud-init v. 23.1.2-0ubuntu0~18.04.1 running 'init-local' at Fri, 01 Dec 2023 04:56:11 +0000. Up 14.66 seconds.
[[0;32m  OK  [0m] Started Initial cloud-init job (pre-networking).
[[0;32m  OK  [0m] Reached target Network (Pre).
         Starting Network Service...
[[0;32m  OK  [0m] Started Network Service.
         Starting Network Name Resolution...
         Starting Wait for Network to be Configured...
[[0;32m  OK  [0m] Started Network Name Resolution.
[[0;32m  OK  [0m] Reached target Network.
[[0;32m  OK  [0m] Reached target Host and Network Name Lookups.
[[0;32m  OK  [0m] Started Wait for Network to be Configured.
         Starting Initial cloud-init job (metadata service crawler)...
[   17.803520] cloud-init[918]: Cloud-init v. 23.1.2-0ubuntu0~18.04.1 running 'init' at Fri, 01 Dec 2023 04:56:14 +0000. Up 17.63 seconds.
[   17.823735] cloud-init[918]: ci-info: ++++++++++++++++++++++++++++++++++++++Net device info+++++++++++++++++++++++++++++++++++++++
[   17.840717] cloud-init[918]: ci-info: +--------+-------+----------------------------+---------------+--------+-------------------+
[   17.854013] cloud-init[918]: ci-info: | Device |   Up  |          Address           |      Mask     | Scope  |     Hw-Address    |
[   17.870446] cloud-init[918]: ci-info: +--------+-------+----------------------------+---------------+--------+-------------------+
[   17.886760] cloud-init[918]: ci-info: | enp0s3 |  True |         10.0.2.15          | 255.255.255.0 | global | 02:3b:7b:b7:3b:2d |
[   17.906878] cloud-init[918]: ci-info: | enp0s3 |  True | fe80::3b:7bff:feb7:3b2d/64 |       .       |  link  | 02:3b:7b:b7:3b:2d |
[   17.922772] cloud-init[918]: ci-info: | enp0s8 | False |             .              |       .       |   .    | 08:00:27:85:da:a4 |
[   17.936880] cloud-init[918]: ci-info: |   lo   |  True |         127.0.0.1          |   255.0.0.0   |  host  |         .         |
[   17.949298] cloud-init[918]: ci-info: |   lo   |  True |          ::1/128           |       .       |  host  |         .         |
[   17.968573] cloud-init[918]: ci-info: +--------+-------+----------------------------+---------------+--------+-------------------+
[   17.980938] cloud-init[918]: ci-info: ++++++++++++++++++++++++++++Route IPv4 info+++++++++++++++++++++++++++++
[   17.991982] cloud-init[918]: ci-info: +-------+-------------+----------+-----------------+-----------+-------+
[   18.002220] cloud-init[918]: ci-info: | Route | Destination | Gateway  |     Genmask     | Interface | Flags |
[   18.010730] cloud-init[918]: ci-info: +-------+-------------+----------+-----------------+-----------+-------+
[   18.022517] cloud-init[918]: ci-info: |   0   |   0.0.0.0   | 10.0.2.2 |     0.0.0.0     |   enp0s3  |   UG  |
[   18.039354] cloud-init[918]: ci-info: |   1   |   10.0.2.0  | 0.0.0.0  |  255.255.255.0  |   enp0s3  |   U   |
[   18.052386] cloud-init[918]: ci-info: |   2   |   10.0.2.2  | 0.0.0.0  | 255.255.255.255 |   enp0s3  |   UH  |
[   18.067089] cloud-init[918]: ci-info: +-------+-------------+----------+-----------------+-----------+-------+
[   18.079793] cloud-init[918]: ci-info: +++++++++++++++++++Route IPv6 info+++++++++++++++++++
[   18.092629] cloud-init[918]: ci-info: +-------+-------------+---------+-----------+-------+
[   18.105847] cloud-init[918]: ci-info: | Route | Destination | Gateway | Interface | Flags |
[   18.117749] cloud-init[918]: ci-info: +-------+-------------+---------+-----------+-------+
[   18.127077] cloud-init[918]: ci-info: |   1   |  fe80::/64  |    ::   |   enp0s3  |   U   |
[   18.154926] cloud-init[918]: ci-info: |   3   |    local    |    ::   |   enp0s3  |   U   |
[   18.169799] cloud-init[918]: ci-info: |   4   |   ff00::/8  |    ::   |   enp0s3  |   U   |
[   18.178076] cloud-init[918]: ci-info: +-------+-------------+---------+-----------+-------+
[   19.085163] cloud-init[918]: Generating public/private rsa key pair.
[   19.102983] cloud-init[918]: Your identification has been saved in /etc/ssh/ssh_host_rsa_key.
[   19.109397] cloud-init[918]: Your public key has been saved in /etc/ssh/ssh_host_rsa_key.pub.
[   19.125223] cloud-init[918]: The key fingerprint is:
[   19.144320] cloud-init[918]: SHA256:ZHNGcqIwsd0AIf6OC5jGfNi7Vk0qNxs6lkRc7RwXd84 root@ubuntu-bionic
[   19.150567] cloud-init[918]: The key's randomart image is:
[   19.155714] cloud-init[918]: +---[RSA 2048]----+
[   19.169789] cloud-init[918]: |  . *+o o.+. .   |
[   19.174600] cloud-init[918]: | . . * * *. +    |
[   19.189790] cloud-init[918]: |  o o = B o  E   |
[   19.208312] cloud-init[918]: |   +   * +       |
[   19.214267] cloud-init[918]: |  . . + S        |
[   19.219259] cloud-init[918]: |+.o= * .         |
[   19.228653] cloud-init[918]: |+=ooB +          |
[   19.239249] [[0;32m  OK  [0m] cloud-init[918]: |...B..           |
Started Initial cloud-init job (metadata service crawler).
[[0;32m  OK  [0m] Reached target System Initialization.[   19.256434] cloud-init[918]: |  +oo            |

[[0;32m  OK  [0m] Listening on D-Bus System Message Bus Socket.
[[   19.273731] cloud-init[918]: [0;32m  OK  [0m] Started Discard unused blocks once a week.
+----[SHA256]-----+
[   19.286292] cloud-init[918]: [[0;32m  OK  [0m] Listening on Open-iSCSI iscsid Socket.
[[0;32m  OK  [0m] Started Message of the Day.Generating public/private dsa key pair.

[[0;32m  OK  [0m] Listening on cloud-init hotplug hook socket.[   19.313911] cloud-init[918]: 
[[0;32m  OK  [0m] Started Daily apt download activities.Your identification has been saved in /etc/ssh/ssh_host_dsa_key.
[   19.325568] cloud-init[918]: Your public key has been saved in /etc/ssh/ssh_host_dsa_key.pub.
[[0;32m  OK  [0m] Started Daily apt upgrade and clean activities.

[   19.337666] cloud-init[918]: The key fingerprint is:[[0;32m  OK  [0m] Listening on UUID daemon activation socket.
[   19.346478] cloud-init
[918]: SHA256:LpD20QbIYvylVi3YZWGuuwCAp2uJ0wBnr/7zt/GAAp4 root@ubuntu-bionic
[[0;32m  OK  [0m] Started ACPI Events Check.
[[   19.360655] cloud-init[918]: The key's randomart image is:[0;32m  OK  [0m] Reached target Paths.

[   19.369788] cloud-init[918]:          Starting Socket activation for snappy daemon.+---[DSA 1024]----+
[   19.379295] 
         Starting LXD - unix socket.
[[0;32m  OK  [0m] Started Ubuntu Advantage Timer for running repeated jobs.cloud-init[918]: |        =.       |
[   19.406607] cloud-init
[[0;32m  OK  [0m] Started Daily Cleanup of Temporary Directories.[918]: 
[[0;32m  OK  [0m] Reached target Timers.|.. . + *         |

[[0;32m  OK  [0m] [   19.435110] Listening on ACPID Listen Socket.
[[0;32m  OK  [0mcloud-init[918]: |+ B + * o        |
] Reached target Network is Online.[   19.448641] cloud-init[918]: |.B + = =         |

[   19.454296] [[0;32m  OK  [0m] Reached target Remote File Systems (Pre).
[[0;32m  OK  [0mcloud-init[918]: |o o O o S        |
[   19.468906] cloud-init[918]: |.=.B o *         |] Reached target Remote File Systems.
         Starting Availability of block devices...
[[0;32m  OK  [0m
[   19.490551] cloud-init] Reached target Cloud-config availability.
[[0;32m  OK  [0m] [918]: |+oE o = +        |
Listening on Socket activation for snappy daemon.
[[0;32m  OK  [0m] Listening on LXD - unix socket.
[   19.516579] cloud-init[918]: |.o  .o o.+       |
[[0;32m  OK  [0m] Started Availability of block devices.
[[   19.531741] [0;32m  OK  [0m] Reached target Sockets.cloud-init[918]: 
[[0;32m  OK  [0m] |  ...oo....      |
Reached target Basic System.
         Starting Dispatcher daemon for systemd-networkd...[   19.556409] cloud-init[918]: +----[SHA256]-----+

         Starting Login Service...
[[0;32m  OK  [0m] Started Deferred execution scheduler.
[[0;32m  OK  [0m] Reached target Login Prompts (Pre).
         Starting System Logging Service...
         Starting LXD - container startup/shutdown...[   19.614637] cloud-init[918]: 
         Starting Accounts Service...
Generating public/private ecdsa key pair.         Starting LSB: automatic crash report generation...
         Starting Permit User Sessions...

         Starting LSB: Record successful boot for GRUB...[   19.661532] 
         Starting Virtualbox guest utils...cloud-init
[[0;32m  OK  [0m] Started D-Bus System Message Bus.[918]: 
Your identification has been saved in /etc/ssh/ssh_host_ecdsa_key.
[   19.717586] cloud-init[918]: Your public key has been saved in /etc/ssh/ssh_host_ecdsa_key.pub.
[   19.734608] cloud-init[918]: The key fingerprint is:
[   19.761104] cloud-init[918]: SHA256:0RNlZcpzt4DQgE9y8my2zetHPbPfGJgiMTn0EomqblA root@ubuntu-bionic
[   19.781706] cloud-init[918]: The key's randomart image is:
[   19.794735] cloud-init[918]: +---[ECDSA 256]---+
[   19.812200] cloud-init[918]: |        .o+.o.o  |
[   19.827550] cloud-init[918]: |       = =.=.o   |
[   19.865070] cloud-init[918]: |      . & o.+.. .|
[   19.900365] cloud-init[918]: |  E  . . @ . o...|
[   19.925030] cloud-init[918]: | .  .   S =   .. |
[   19.963085] cloud-init[918]: |.  .     * o + + |
[[0;32m  OK  [0m] Started irqbalance daemon.
[   20.011199] cloud-init[918]: | ..     . . = . +|
[   20.029977] cloud-init[918]: | ..      . o . +.|
[   20.048920] cloud-init[918]: | ..       ... . +|
[   20.079811] cloud-init[918]: +----[SHA256]-----+
[   20.096856]          Starting Pollinate to seed the pseudo random number generator...
cloud-init[[0;32m  OK  [0m] Started FUSE filesystem for LXC.[918]: 
Generating public/private ed25519 key pair.
[   20.136134] cloud-init[918]: Your identification has been saved in /etc/ssh/ssh_host_ed25519_key.[[0;32m  OK  [0m] Started Regular background program processing daemon.

[   20.174114] cloud-init[918]: Your public key has been saved in /etc/ssh/ssh_host_ed25519_key.pub.
[   20.203573] cloud-init[918]:          Starting Snap Daemon...
The key fingerprint is:[[0;32m  OK  [0m] 
Started System Logging Service.
[[0;32m  OK  [0m] [   20.245920] Started LXD - container startup/shutdown.
cloud-init[918]: [[0;32m  OK  [0m] Started Permit User Sessions.SHA256:DyPPylkf3LCB/m7HP8uiyz249GqrPvS5ohEej4eT9wU root@ubuntu-bionic

[[0;32m  OK  [0m] Started Login Service.
[   20.322342] cloud-init         Starting Authorization Manager...
[[0;32m  OK  [0m] Started Unattended Upgrades Shutdown.
         Starting Hold until boot process finishes up...[918]: 
         Starting Terminate Plymouth Boot Screen...
The key's randomart image is:[[0;32m  OK  [0m] Started Terminate Plymouth Boot Screen.
[[0;32m  OK  [0m] Started Hold until boot process finishes up.
[
[0;32m  OK  [0m] Started Serial Getty on ttyS0.
         Starting Set console scheme...
[   20.480166] cloud-init[918]: +--[ED25519 256]--+
[[0;32m  OK  [0m] Started Set console scheme.
[[0;32m  OK  [0m] Created slice system-getty.slice.
[   20.536886] [[0;32m  OK  [0m] Started Getty on tty1.
[[0;32m  OK  [0m] Reached target Login Prompts.
[[0;32m  OK  [0m] Started Authorization Manager.
cloud-init[[0;32m  OK  [0m] Started LSB: automatic crash report generation.[918]: |                 |

[[0;32m  OK  [0m] Started Accounts Service.
[[0;32m  OK  [0m] Started Dispatcher daemon for systemd-networkd.
[[0;32m  OK  [0m] Started LSB: Record successful boot for GRUB.[   20.624683] 
cloud-init[918]: |                 |
[   20.657194] cloud-init[918]: |                 |
[   20.706022] cloud-init[918]: |         .       |
[   20.746029] cloud-init[918]: |      + S E      |
[   20.783628] cloud-init[918]: |     . %.= *     |
[   20.809640] cloud-init[918]: |      B.O.*+o    |
[   20.837395] cloud-init[918]: |     . Oo**==..  |
[   20.875528] cloud-init[918]: |      =ooB&Oo++o |
[   20.901915] cloud-init[918]: +----[SHA256]-----+
[[0;32m  OK  [0m] Started Virtualbox guest utils.
[[0;32m  OK  [0m] Started Snap Daemon.
         Starting Wait until snapd is fully seeded...
[[0;32m  OK  [0m] Started Pollinate to seed the pseudo random number generator.
         Starting OpenBSD Secure Shell server...
[[0;32m  OK  [0m] Started OpenBSD Secure Shell server.
[[0;32m  OK  [0m] Created slice User Slice of vagrant.
         Starting User Manager for UID 1000...
[[0;32m  OK  [0m] Started Session 1 of user vagrant.
[[0;32m  OK  [0m] Started User Manager for UID 1000.
         Starting Time & Date Service...
[[0;32m  OK  [0m] Started Time & Date Service.

Ubuntu 18.04.6 LTS ubuntu-bionic ttyS0

ubuntu-bionic login: [   27.980739] cloud-init[1520]: Cloud-init v. 23.1.2-0ubuntu0~18.04.1 running 'modules:config' at Fri, 01 Dec 2023 04:56:23 +0000. Up 27.40 seconds.
ci-info: no authorized SSH keys fingerprints found for user ubuntu.
<14>Dec  1 04:56:25 cloud-init: #############################################################
<14>Dec  1 04:56:25 cloud-init: -----BEGIN SSH HOST KEY FINGERPRINTS-----
<14>Dec  1 04:56:25 cloud-init: 1024 SHA256:LpD20QbIYvylVi3YZWGuuwCAp2uJ0wBnr/7zt/GAAp4 root@ubuntu-bionic (DSA)
<14>Dec  1 04:56:25 cloud-init: 256 SHA256:0RNlZcpzt4DQgE9y8my2zetHPbPfGJgiMTn0EomqblA root@ubuntu-bionic (ECDSA)
<14>Dec  1 04:56:25 cloud-init: 256 SHA256:DyPPylkf3LCB/m7HP8uiyz249GqrPvS5ohEej4eT9wU root@ubuntu-bionic (ED25519)
<14>Dec  1 04:56:25 cloud-init: 2048 SHA256:ZHNGcqIwsd0AIf6OC5jGfNi7Vk0qNxs6lkRc7RwXd84 root@ubuntu-bionic (RSA)
<14>Dec  1 04:56:25 cloud-init: -----END SSH HOST KEY FINGERPRINTS-----
<14>Dec  1 04:56:25 cloud-init: #############################################################
-----BEGIN SSH HOST KEY KEYS-----
ecdsa-sha2-nistp256 AAAAE2VjZHNhLXNoYTItbmlzdHAyNTYAAAAIbmlzdHAyNTYAAABBBBGlVBqcq/f8C3KdDmsROsIJe0LyDZ+/ci230RBGxjCrcDfadCFeuvbaLQFepLEcHBFbzRnEDGM9QvW2fbv9JNY= root@ubuntu-bionic
ssh-ed25519 AAAAC3NzaC1lZDI1NTE5AAAAIKLC9NTo6vGzKG8bGAgz8Hc8tkPUSod60E3pI+KTE/Ej root@ubuntu-bionic
ssh-rsa AAAAB3NzaC1yc2EAAAADAQABAAABAQDZsVAAj9Kid/BkIhsrn1rCcoGuUBIaUEcShuKBNOL4u9WnTS4b0siOsqoFSnPZSOolMUrjTzphYlXb82YXdO2AmnhTJj9BWMlecTyqU59uzAieNnmlGUjlZm/28+7/bU/HaG5EsqA5JSNe39LYXUSoAoGqtFv7NOVVG9U9hgQXT/NDzE70CBbvcWHU0+A6gPUa6AVsYBGQqmkF4Tx+yabJGUngev+Bc2mYXN4h1zt1tRlJUwYz86/6orQBkyMiIJH/rnckLzdeW1TYjjGSvhhZgVk4bKXRN1os9tfTAsPgK4w+snIc+AmAu3N38Nma0Qot/3Hjk5ccWRL+Y7EFF2mb root@ubuntu-bionic
-----END SSH HOST KEY KEYS-----
[   29.222016] cloud-init[1666]: Cloud-init v. 23.1.2-0ubuntu0~18.04.1 running 'modules:final' at Fri, 01 Dec 2023 04:56:25 +0000. Up 28.72 seconds.
[   29.259011] cloud-init[1666]: Cloud-init v. 23.1.2-0ubuntu0~18.04.1 finished at Fri, 01 Dec 2023 04:56:25 +0000. Data[[0[[0;32m  OK  [0m] Stopped Unattended Upgrades Shutdown.
[[0;32m  OK  [0m] Closed Load/Save RF Kill Switch Status /dev/rfkill Watch.
[[0;32m  OK  [0m] Stopped target Graphical Interface.
[[0;32m  OK  [0m] Stopped target Cloud-init target.
[[0;32m  OK  [0m] Stopped target Host and Network Name Lookups.
[[0;32m  OK  [0m] Stopped target Timers.
         Stopping Authorization Manager...
         Stopping User Manager for UID 1000...
[[0;32m  OK  [0m] Stopped Daily apt upgrade and clean activities.
[[0;32m  OK  [0m] Stopped Execute cloud user/final scripts.
[[0;32m  OK  [0m] Stopped Ubuntu Advantage Timer for running repeated jobs.
         Stopping Session 15 of user vagrant.
[[0;32m  OK  [0m] Stopped Discard unused blocks once a week.
         Stopping Accounts Service...
[[0;32m  OK  [0m] Stopped Daily Cleanup of Temporary Directories.
[[0;32m  OK  [0m] Stopped Daily apt download activities.
[[0;32m  OK  [0m] Stopped Apply the settings specified in cloud-config.
[[0;32m  OK  [0m] Stopped target Cloud-config availability.
         Stopping Availability of block devices...
[[0;32m  OK  [0m] Stopped Message of the Day.
[[0;32m  OK  [0m] Stopped target System Time Synchronized.
[[0;32m  OK  [0m] Stopped target Multi-User System.
         Stopping Virtualbox guest utils...
         Stopping System Logging Service...
         Stopping FUSE filesystem for LXC...
         Stopping LSB: automatic crash report generation...
         Stopping LSB: Record successful boot for GRUB...
         Stopping Deferred execution scheduler...
         Stopping Regular background program processing daemon...
[[0;32m  OK  [0m] Stopped Wait until snapd is fully seeded.
         Stopping OpenBSD Secure Shell server...
         Stopping Docker Application Container Engine...
[[0;32m  OK  [0m] Stopped target Login Prompts.
         Stopping Getty on tty1...
         Stopping Serial Getty on ttyS0...
         Stopping Dispatcher daemon for systemd-networkd...
         Stopping D-Bus System Message Bus...
         Stopping LXD - container startup/shutdown...
[[0;32m  OK  [0m] Unmounted /var/lib/lxcfs.
[[0;32m  OK  [0m] Stopped System Logging Service.
[[0;32m  OK  [0m] Stopped Regular background program processing daemon.
[[0;32m  OK  [0m] Stopped Deferred execution scheduler.
[[0;32m  OK  [0m] Stopped Dispatcher daemon for systemd-networkd.
[[0;32m  OK  [0m] Stopped Accounts Service.
[[0;32m  OK  [0m] Stopped Serial Getty on ttyS0.
[[0;32m  OK  [0m] Stopped Getty on tty1.
[[0;32m  OK  [0m] Stopped Authorization Manager.
[[0;32m  OK  [0m] Stopped OpenBSD Secure Shell server.
[[0;32m  OK  [0m] Stopped User Manager for UID 1000.
[[0;32m  OK  [0m] Stopped Availability of block devices.
[[0;32m  OK  [0m] Stopped D-Bus System Message Bus.
[[0;32m  OK  [0m] Stopped FUSE filesystem for LXC.
[[0;32m  OK  [0m] Stopped Session 15 of user vagrant.
[[0;32m  OK  [0m] Removed slice User Slice of vagrant.
         Stopping Login Service...
[[0;32m  OK  [0m] Removed slice system-getty.slice.
[[0;32m  OK  [0m] Removed slice system-serial\x2dgetty.slice.
[[0;32m  OK  [0m] Stopped target Login Prompts (Pre).
         Stopping Permit User Sessions...
[[0;32m  OK  [0m] Stopped Login Service.
[[0;32m  OK  [0m] Stopped LSB: Record successful boot for GRUB.
[[0;32m  OK  [0m] Stopped LXD - container startup/shutdown.
[[0;32m  OK  [0m] Stopped LSB: automatic crash report generation.
[[0;32m  OK  [0m] Stopped Permit User Sessions.
[[0;32m  OK  [0m] Stopped Virtualbox guest utils.
[[0;32m  OK  [0m] Stopped target Remote File Systems.
         Unmounting /vagrant...
[[0;32m  OK  [0m] Stopped target User and Group Name Lookups.
[[0;32m  OK  [0m] Unmounted /vagrant.
[[0;32m  OK  [0m] Stopped target Remote File Systems (Pre).
[[0;32m  OK  [0m] Unmounted /run/docker/netns/9e6b4c2f847f.
[[0;32m  OK  [0m] Unmounted /var/lib/docker/overlay2/…ee5635ff4f4eae411008f031bb/merged.
[[0;32m  OK  [0m] Unmounted /run/docker/netns/1-dexgg04pb5.
[[0;32m  OK  [0m] Unmounted /run/docker/netns/lb_dexgg04pb.
[[0;32m  OK  [0m] Unmounted /run/docker/netns/0ab4ff1f3795.
[[0;32m  OK  [0m] Unmounted /var/lib/docker/overlay2/…395ae0075802d024359feaee48/merged.
[[0;32m  OK  [0m] Unmounted /run/docker/netns/1-mxhewlirkd.
[[0;32m  OK  [0m] Unmounted /run/docker/netns/lb_mxhewlirk.
[[0;32m  OK  [0m] Unmounted /run/docker/netns/1-l1anmp1so1.
[[0;32m  OK  [0m] Unmounted /run/docker/netns/ingress_sbox.
[[0;32m  OK  [0m] Stopped Docker Application Container Engine.
         Stopping containerd container runtime...
[[0;32m  OK  [0m] Stopped target Network is Online.
[[0;32m  OK  [0m] Stopped containerd container runtime.
[[0;32m  OK  [0m] Stopped target Basic System.
[[0;32m  OK  [0m] Stopped target Sockets.
[[0;32m  OK  [0m] Closed LXD - unix socket.
[[0;32m  OK  [0m] Closed D-Bus System Message Bus Socket.
[[0;32m  OK  [0m] Closed cloud-init hotplug hook socket.
[[0;32m  OK  [0m] Closed Syslog Socket.
[[0;32m  OK  [0m] Closed Open-iSCSI iscsid Socket.
[[0;32m  OK  [0m] Closed Socket activation for snappy daemon.
[[0;32m  OK  [0m] Closed Docker Socket for the API.
[[0;32m  OK  [0m] Closed ACPID Listen Socket.
[[0;32m  OK  [0m] Closed UUID daemon activation socket.
[[0;32m  OK  [0m] Stopped target Paths.
[[0;32m  OK  [0m] Stopped ACPI Events Check.
[[0;32m  OK  [0m] Stopped target System Initialization.
[[0;32m  OK  [0m] Stopped Commit a transient machine-id on disk.
         Stopping Update UTMP about System Boot/Shutdown...
         Stopping Load/Save Random Seed...
[[0;32m  OK  [0m] Stopped target Local Encrypted Volumes.
[[0;32m  OK  [0m] Stopped Forward Password Requests to Wall Directory Watch.
[[0;32m  OK  [0m] Stopped Initial cloud-init job (metadata service crawler).
[[0;32m  OK  [0m] Stopped Dispatch Password Requests to Console Directory Watch.
[[0;32m  OK  [0m] Stopped target Slices.
[[0;32m  OK  [0m] Removed slice User and Session Slice.
[[0;32m  OK  [0m] Stopped target Network.
         Stopping Network Name Resolution...
[[0;32m  OK  [0m] Stopped Load/Save Random Seed.
[[0;32m  OK  [0m] Stopped Network Name Resolution.
         Stopping Network Service...
[[0;32m  OK  [0m] Stopped Update UTMP about System Boot/Shutdown.
[[0;32m  OK  [0m] Stopped Create Volatile Files and Directories.
[[0;32m  OK  [0m] Stopped target Local File Systems.
         Unmounting /run/user/1000...
[[0;32m  OK  [0m] Stopped target Mounted snaps.
[[0;32m  OK  [0m] Stopped target Mounting snaps.
[[0;32m  OK  [0m] Unmounted /run/user/1000.
[[0;32m  OK  [0m] Reached target Unmount All Filesystems.
[[0;32m  OK  [0m] Stopped target Swap.
[[0;32m  OK  [0m] Stopped target Local File Systems (Pre).
         Stopping Monitoring of LVM2 mirrors…ng dmeventd or progress polling...
[[0;32m  OK  [0m] Stopped Create Static Device Nodes in /dev.
[[0;32m  OK  [0m] Stopped Monitoring of LVM2 mirrors,…sing dmeventd or progress polling.
         Stopping LVM2 metadata daemon...
[[0;32m  OK  [0m] Stopped LVM2 metadata daemon.
[[0;32m  OK  [0m] Stopped Network Service.
[[0;32m  OK  [0m] Stopped Apply Kernel Variables.
[[0;32m  OK  [0m] Stopped Load Kernel Modules.
[[0;32m  OK  [0m] Stopped target Network (Pre).
[[0;32m  OK  [0m] Stopped Initial cloud-init job (pre-networking).
[[0;32m  OK  [0m] Stopped Remount Root and Kernel File Systems.
[[0;32m  OK  [0m] Reached target Shutdown.
[[0;32m  OK  [0m] Reached target Final Step.
         Starting Power-Off...
[18474.216098] reboot: Power down
ng dmeventd or progress polling.
         Stopping LVM2 metadata daemon...
[[0;32m  OK  [0m] Stopped LVM2 metadata daemon.
[18277.863028] reboot: Power down
y Kernel Variables.
[[0;32m  OK  [0m] Stopped Load Kernel Modules.
[[0;32m  OK  [0m] Reached target Shutdown.
[[0;32m  OK  [0m] Reached target Final Step.
         Starting Power-Off...
[18150.294581] reboot: Power down
